1720574835859	geckodriver	INFO	Listening on 127.0.0.1:52691
1720574836334	mozrunner::runner	INFO	Running command: MOZ_CRASHREPORTER="1" MOZ_CRASHREPORTER_NO_REPORT="1" MOZ_CRASHREPORTER_SHUTDOWN="1" MOZ_NO_REMOTE="1" "/App ... "--marionette" "-foreground" "-no-remote" "-profile" "/var/folders/vg/_kg2628d3zj1nsyrlv860nbm0000gn/T/rust_mozprofilewdmzMy"
UNSUPPORTED (log once): POSSIBLE ISSUE: unit 1 GLD_TEXTURE_INDEX_2D is unloadable and bound to sampler type (Float) - using zero texture because texture unloadable
1720574962773	geckodriver	INFO	Listening on 127.0.0.1:52946
1720574963782	mozrunner::runner	INFO	Running command: MOZ_CRASHREPORTER="1" MOZ_CRASHREPORTER_NO_REPORT="1" MOZ_CRASHREPORTER_SHUTDOWN="1" MOZ_NO_REMOTE="1" "/App ... "--marionette" "-foreground" "-no-remote" "-profile" "/var/folders/vg/_kg2628d3zj1nsyrlv860nbm0000gn/T/rust_mozprofileILd2lw"
console.warn: services.settings: Ignoring preference override of remote settings server
console.warn: services.settings: Allow by setting MOZ_REMOTE_SETTINGS_DEVTOOLS=1 in the environment
1720574981981	Marionette	INFO	Marionette enabled
1720574982325	Marionette	INFO	Listening on port 52957
1720574982437	RemoteAgent	WARN	TLS certificate errors will be ignored for this session
JavaScript warning: https://a.slack-edge.com/bv1-13-br/primer-vendor.1984ab3edcb04372f5f7.primer.min.js, line 98: unreachable code after return statement
1720575012995	addons.xpi	ERROR	System addon update list error SyntaxError: XMLHttpRequest.open: 'http://%(server)s/dummy-system-addons.xml' is not a valid URL.
JavaScript error: resource://gre/modules/PrivateBrowsingUtils.sys.mjs, line 19: TypeError: aWindow is null
JavaScript warning: https://a.slack-edge.com/bv1-13-br/login-core.9112c12dcfe134d423b0.primer.min.js, line 353: Script terminated by timeout at:
lf</16371/O<@https://a.slack-edge.com/bv1-13-br/login-core.9112c12dcfe134d423b0.primer.min.js:353:376833

1720575047305	geckodriver	INFO	Listening on 127.0.0.1:53181
1720575048310	mozrunner::runner	INFO	Running command: MOZ_CRASHREPORTER="1" MOZ_CRASHREPORTER_NO_REPORT="1" MOZ_CRASHREPORTER_SHUTDOWN="1" MOZ_NO_REMOTE="1" "/App ... "--marionette" "-foreground" "-no-remote" "-profile" "/var/folders/vg/_kg2628d3zj1nsyrlv860nbm0000gn/T/rust_mozprofileEfevjr"
console.warn: services.settings: Ignoring preference override of remote settings server
console.warn: services.settings: Allow by setting MOZ_REMOTE_SETTINGS_DEVTOOLS=1 in the environment
1720575048645	Marionette	INFO	Marionette enabled
1720575048867	Marionette	INFO	Listening on port 53188
1720575048991	RemoteAgent	WARN	TLS certificate errors will be ignored for this session
JavaScript warning: https://a.slack-edge.com/bv1-13-br/primer-vendor.1984ab3edcb04372f5f7.primer.min.js, line 98: unreachable code after return statement
1720575079460	addons.xpi	ERROR	System addon update list error SyntaxError: XMLHttpRequest.open: 'http://%(server)s/dummy-system-addons.xml' is not a valid URL.
1720575142886	geckodriver	INFO	Listening on 127.0.0.1:53277
1720575143895	mozrunner::runner	INFO	Running command: MOZ_CRASHREPORTER="1" MOZ_CRASHREPORTER_NO_REPORT="1" MOZ_CRASHREPORTER_SHUTDOWN="1" MOZ_NO_REMOTE="1" "/App ... "--marionette" "-foreground" "-no-remote" "-profile" "/var/folders/vg/_kg2628d3zj1nsyrlv860nbm0000gn/T/rust_mozprofile5IAInF"
console.warn: services.settings: Ignoring preference override of remote settings server
console.warn: services.settings: Allow by setting MOZ_REMOTE_SETTINGS_DEVTOOLS=1 in the environment
1720575144234	Marionette	INFO	Marionette enabled
1720575144471	Marionette	INFO	Listening on port 53284
1720575144637	RemoteAgent	WARN	TLS certificate errors will be ignored for this session
JavaScript warning: https://a.slack-edge.com/bv1-13-br/primer-vendor.1984ab3edcb04372f5f7.primer.min.js, line 98: unreachable code after return statement
JavaScript warning: https://a.slack-edge.com/bv1-13-br/primer-vendor.1984ab3edcb04372f5f7.primer.min.js, line 98: unreachable code after return statement
1720575174255	addons.xpi	ERROR	System addon update list error SyntaxError: XMLHttpRequest.open: 'http://%(server)s/dummy-system-addons.xml' is not a valid URL.
1720575385876	geckodriver	INFO	Listening on 127.0.0.1:53593
1720575386883	mozrunner::runner	INFO	Running command: MOZ_CRASHREPORTER="1" MOZ_CRASHREPORTER_NO_REPORT="1" MOZ_CRASHREPORTER_SHUTDOWN="1" MOZ_NO_REMOTE="1" "/App ... "--marionette" "-foreground" "-no-remote" "-profile" "/var/folders/vg/_kg2628d3zj1nsyrlv860nbm0000gn/T/rust_mozprofilemWDf4r"
console.warn: services.settings: Ignoring preference override of remote settings server
console.warn: services.settings: Allow by setting MOZ_REMOTE_SETTINGS_DEVTOOLS=1 in the environment
1720575387218	Marionette	INFO	Marionette enabled
1720575387457	Marionette	INFO	Listening on port 53600
1720575387624	RemoteAgent	WARN	TLS certificate errors will be ignored for this session
JavaScript warning: https://a.slack-edge.com/bv1-13-br/primer-vendor.1984ab3edcb04372f5f7.primer.min.js, line 98: unreachable code after return statement
JavaScript warning: https://a.slack-edge.com/bv1-13-br/primer-vendor.1984ab3edcb04372f5f7.primer.min.js, line 98: unreachable code after return statement
1720575417944	addons.xpi	ERROR	System addon update list error SyntaxError: XMLHttpRequest.open: 'http://%(server)s/dummy-system-addons.xml' is not a valid URL.
console.warn: "Listener for event 'frame' did not return a promise."
1720575476695	geckodriver	INFO	Listening on 127.0.0.1:53762
1720575477705	mozrunner::runner	INFO	Running command: MOZ_CRASHREPORTER="1" MOZ_CRASHREPORTER_NO_REPORT="1" MOZ_CRASHREPORTER_SHUTDOWN="1" MOZ_NO_REMOTE="1" "/App ... "--marionette" "-foreground" "-no-remote" "-profile" "/var/folders/vg/_kg2628d3zj1nsyrlv860nbm0000gn/T/rust_mozprofileiGiHB6"
console.warn: services.settings: Ignoring preference override of remote settings server
console.warn: services.settings: Allow by setting MOZ_REMOTE_SETTINGS_DEVTOOLS=1 in the environment
1720575478020	Marionette	INFO	Marionette enabled
1720575478265	Marionette	INFO	Listening on port 53769
1720575478362	RemoteAgent	WARN	TLS certificate errors will be ignored for this session
JavaScript warning: https://a.slack-edge.com/bv1-13-br/primer-vendor.1984ab3edcb04372f5f7.primer.min.js, line 98: unreachable code after return statement
JavaScript warning: https://a.slack-edge.com/bv1-13-br/primer-vendor.1984ab3edcb04372f5f7.primer.min.js, line 98: unreachable code after return statement
1720575509313	addons.xpi	ERROR	System addon update list error SyntaxError: XMLHttpRequest.open: 'http://%(server)s/dummy-system-addons.xml' is not a valid URL.
JavaScript warning: https://a.slack-edge.com/bv1-13-br/primer-vendor.1984ab3edcb04372f5f7.primer.min.js, line 98: unreachable code after return statement
1720575534917	Marionette	WARN	Ignoring event 'pageshow' because document has an invalid readyState of 'uninitialized'.
SourceActor threw an exception: [Exception... "Failed to open input source 'chrome://global/content/neterror/aboutNetErrorCodes.js'"  nsresult: "0x805303f4 (<unknown>)"  location: "JS frame :: resource://devtools/shared/DevToolsUtils.js :: mainThreadFetch/< :: line 719"  data: yes]
Stack: mainThreadFetch/<@resource://devtools/shared/DevToolsUtils.js:719:15
mainThreadFetch@resource://devtools/shared/DevToolsUtils.js:566:10
_fetchURLContents@resource://devtools/server/actors/utils/sources-manager.js:465:22
urlContents@resource://devtools/server/actors/utils/sources-manager.js:429:17
_resurrectSource@resource://devtools/server/actors/thread.js:2211:33
addAllSources@resource://devtools/server/actors/thread.js:1531:14
watch@resource://devtools/server/actors/resources/sources.js:83:17
watchResources@resource://devtools/server/actors/resources/index.js:340:15
addOrSetSessionDataEntry@resource://devtools/server/actors/targets/session-data-processors/resources.js:19:21
addOrSetSessionDataEntry@resource://devtools/server/actors/targets/base-target-actor.js:54:23
#addOrSetSessionDataEntry@resource://devtools/server/connectors/js-process-actor/DevToolsProcessChild.sys.mjs:380:21
receiveMessage@resource://devtools/server/connectors/js-process-actor/DevToolsProcessChild.sys.mjs:305:46
Line: 719, column: 0
console.error: ({})
JavaScript error: resource://devtools/shared/DevToolsUtils.js, line 719: Failed to open input source 'chrome://global/content/neterror/aboutNetErrorCodes.js'
JavaScript warning: https://a.slack-edge.com/bv1-13-br/gantry-v2-vendors.10e3a2414f6387ef3e58.min.js?cacheKey=gantry-1720570056, line 188: unreachable code after return statement
console.warn: "Listener for event 'frame' did not return a promise."
console.error: "Error while calling actor 'domwalker's method 'getEmbedderElement'" "Component returned failure code: 0x80004005 (NS_ERROR_FAILURE) [inIDeepTreeWalker.currentNode]"
console.error: ({})
console.warn: "Error while destroying front:" "inspector" (new Error("Protocol error (NS_ERROR_FAILURE): Component returned failure code: 0x80004005 (NS_ERROR_FAILURE) [inIDeepTreeWalker.currentNode] from: server0.conn0.process3//domwalker199 (resource://devtools/server/actors/inspector/document-walker.js:69:0)", "resource://devtools/shared/protocol/Front.js", 382))
console.error: "Failed to start [root-node] legacy listener for target null" (new Error("Protocol error (NS_ERROR_FAILURE): Component returned failure code: 0x80004005 (NS_ERROR_FAILURE) [inIDeepTreeWalker.currentNode] from: server0.conn0.process3//domwalker199 (resource://devtools/server/actors/inspector/document-walker.js:69:0)", "resource://devtools/shared/protocol/Front.js", 382))
JavaScript error: resource://devtools/shared/protocol/Front.js, line 382: Error: Protocol error (NS_ERROR_FAILURE): Component returned failure code: 0x80004005 (NS_ERROR_FAILURE) [inIDeepTreeWalker.currentNode] from: server0.conn0.process3//domwalker199 (resource://devtools/server/actors/inspector/document-walker.js:69:0)
console.warn: "Listener for event 'frame' did not return a promise."
console.warn: "Error while destroying front:" "inspector" (new Error("Connection closed, pending request to server0.conn0.process3//inspectorActor268, type getWalker failed\n\nRequest stack:\nrequest@resource://devtools/shared/protocol/Front.js:299:14\ngenerateRequestMethods/</frontProto[name]@resource://devtools/shared/protocol/Front/FrontClassWithSpec.js:47:19\n_getWalker@resource://devtools/client/fronts/inspector.js:84:30\ninitialize@resource://devtools/client/fronts/inspector.js:73:12\n", "resource://devtools/shared/protocol/Front.js", 105))
console.error: "Failed to start [root-node] legacy listener for target null" (new Error("Connection closed, pending request to server0.conn0.process3//inspectorActor268, type getWalker failed\n\nRequest stack:\nrequest@resource://devtools/shared/protocol/Front.js:299:14\ngenerateRequestMethods/</frontProto[name]@resource://devtools/shared/protocol/Front/FrontClassWithSpec.js:47:19\n_getWalker@resource://devtools/client/fronts/inspector.js:84:30\ninitialize@resource://devtools/client/fronts/inspector.js:73:12\n", "resource://devtools/shared/protocol/Front.js", 105))
console.warn: "Listener for event 'frame' did not return a promise."
JavaScript error: resource://devtools/shared/protocol/Front.js, line 105: Error: Connection closed, pending request to server0.conn0.process3//inspectorActor268, type getWalker failed

Request stack:
request@resource://devtools/shared/protocol/Front.js:299:14
generateRequestMethods/</frontProto[name]@resource://devtools/shared/protocol/Front/FrontClassWithSpec.js:47:19
_getWalker@resource://devtools/client/fronts/inspector.js:84:30
initialize@resource://devtools/client/fronts/inspector.js:73:12

console.warn: "Error while destroying front:" "inspector" (new Error("Connection closed, pending request to server0.conn0.process3//inspectorActor287, type getWalker failed\n\nRequest stack:\nrequest@resource://devtools/shared/protocol/Front.js:299:14\ngenerateRequestMethods/</frontProto[name]@resource://devtools/shared/protocol/Front/FrontClassWithSpec.js:47:19\n_getWalker@resource://devtools/client/fronts/inspector.js:84:30\ninitialize@resource://devtools/client/fronts/inspector.js:73:12\n", "resource://devtools/shared/protocol/Front.js", 105))
console.error: "Failed to start [root-node] legacy listener for target null" (new Error("Connection closed, pending request to server0.conn0.process3//inspectorActor287, type getWalker failed\n\nRequest stack:\nrequest@resource://devtools/shared/protocol/Front.js:299:14\ngenerateRequestMethods/</frontProto[name]@resource://devtools/shared/protocol/Front/FrontClassWithSpec.js:47:19\n_getWalker@resource://devtools/client/fronts/inspector.js:84:30\ninitialize@resource://devtools/client/fronts/inspector.js:73:12\n", "resource://devtools/shared/protocol/Front.js", 105))
JavaScript error: resource://devtools/shared/protocol/Front.js, line 105: Error: Connection closed, pending request to server0.conn0.process3//inspectorActor287, type getWalker failed

Request stack:
request@resource://devtools/shared/protocol/Front.js:299:14
generateRequestMethods/</frontProto[name]@resource://devtools/shared/protocol/Front/FrontClassWithSpec.js:47:19
_getWalker@resource://devtools/client/fronts/inspector.js:84:30
initialize@resource://devtools/client/fronts/inspector.js:73:12

1720575807374	geckodriver	INFO	Listening on 127.0.0.1:53972
1720575808382	mozrunner::runner	INFO	Running command: MOZ_CRASHREPORTER="1" MOZ_CRASHREPORTER_NO_REPORT="1" MOZ_CRASHREPORTER_SHUTDOWN="1" MOZ_NO_REMOTE="1" "/App ... "--marionette" "-foreground" "-no-remote" "-profile" "/var/folders/vg/_kg2628d3zj1nsyrlv860nbm0000gn/T/rust_mozprofilegbIOaO"
console.warn: services.settings: Ignoring preference override of remote settings server
console.warn: services.settings: Allow by setting MOZ_REMOTE_SETTINGS_DEVTOOLS=1 in the environment
1720575808694	Marionette	INFO	Marionette enabled
1720575808936	Marionette	INFO	Listening on port 53979
1720575809096	RemoteAgent	WARN	TLS certificate errors will be ignored for this session
JavaScript warning: https://a.slack-edge.com/bv1-13-br/primer-vendor.1984ab3edcb04372f5f7.primer.min.js, line 98: unreachable code after return statement
JavaScript warning: https://a.slack-edge.com/bv1-13-br/primer-vendor.1984ab3edcb04372f5f7.primer.min.js, line 98: unreachable code after return statement
JavaScript warning: https://a.slack-edge.com/bv1-13-br/primer-vendor.1984ab3edcb04372f5f7.primer.min.js, line 98: unreachable code after return statement
1720575838390	Marionette	WARN	Ignoring event 'pageshow' because document has an invalid readyState of 'uninitialized'.
1720575838720	addons.xpi	ERROR	System addon update list error SyntaxError: XMLHttpRequest.open: 'http://%(server)s/dummy-system-addons.xml' is not a valid URL.
JavaScript warning: https://a.slack-edge.com/bv1-13-br/gantry-v2-vendors.10e3a2414f6387ef3e58.min.js?cacheKey=gantry-1720570056, line 188: unreachable code after return statement
1720575916675	geckodriver	INFO	Listening on 127.0.0.1:54155
1720575917681	mozrunner::runner	INFO	Running command: MOZ_CRASHREPORTER="1" MOZ_CRASHREPORTER_NO_REPORT="1" MOZ_CRASHREPORTER_SHUTDOWN="1" MOZ_NO_REMOTE="1" "/App ... "--marionette" "-foreground" "-no-remote" "-profile" "/var/folders/vg/_kg2628d3zj1nsyrlv860nbm0000gn/T/rust_mozprofileLr2wHu"
console.warn: services.settings: Ignoring preference override of remote settings server
console.warn: services.settings: Allow by setting MOZ_REMOTE_SETTINGS_DEVTOOLS=1 in the environment
1720575917999	Marionette	INFO	Marionette enabled
1720575918248	Marionette	INFO	Listening on port 54162
1720575918350	RemoteAgent	WARN	TLS certificate errors will be ignored for this session
JavaScript warning: https://a.slack-edge.com/bv1-13-br/primer-vendor.1984ab3edcb04372f5f7.primer.min.js, line 98: unreachable code after return statement
JavaScript warning: https://a.slack-edge.com/bv1-13-br/primer-vendor.1984ab3edcb04372f5f7.primer.min.js, line 98: unreachable code after return statement
JavaScript warning: https://a.slack-edge.com/bv1-13-br/primer-vendor.1984ab3edcb04372f5f7.primer.min.js, line 98: unreachable code after return statement
1720575948015	addons.xpi	ERROR	System addon update list error SyntaxError: XMLHttpRequest.open: 'http://%(server)s/dummy-system-addons.xml' is not a valid URL.
1720575948348	Marionette	WARN	Ignoring event 'pageshow' because document has an invalid readyState of 'uninitialized'.
SourceActor threw an exception: [Exception... "Failed to open input source 'chrome://global/content/neterror/aboutNetErrorCodes.js'"  nsresult: "0x805303f4 (<unknown>)"  location: "JS frame :: resource://devtools/shared/DevToolsUtils.js :: mainThreadFetch/< :: line 719"  data: yes]
Stack: mainThreadFetch/<@resource://devtools/shared/DevToolsUtils.js:719:15
mainThreadFetch@resource://devtools/shared/DevToolsUtils.js:566:10
_fetchURLContents@resource://devtools/server/actors/utils/sources-manager.js:465:22
urlContents@resource://devtools/server/actors/utils/sources-manager.js:429:17
_resurrectSource@resource://devtools/server/actors/thread.js:2211:33
addAllSources@resource://devtools/server/actors/thread.js:1531:14
watch@resource://devtools/server/actors/resources/sources.js:83:17
watchResources@resource://devtools/server/actors/resources/index.js:340:15
addOrSetSessionDataEntry@resource://devtools/server/actors/targets/session-data-processors/resources.js:19:21
addOrSetSessionDataEntry@resource://devtools/server/actors/targets/base-target-actor.js:54:23
#addOrSetSessionDataEntry@resource://devtools/server/connectors/js-process-actor/DevToolsProcessChild.sys.mjs:380:21
receiveMessage@resource://devtools/server/connectors/js-process-actor/DevToolsProcessChild.sys.mjs:305:46
Line: 719, column: 0
console.error: ({})
JavaScript error: resource://devtools/shared/DevToolsUtils.js, line 719: Failed to open input source 'chrome://global/content/neterror/aboutNetErrorCodes.js'
1720576017315	geckodriver	INFO	Listening on 127.0.0.1:54322
1720576018329	mozrunner::runner	INFO	Running command: MOZ_CRASHREPORTER="1" MOZ_CRASHREPORTER_NO_REPORT="1" MOZ_CRASHREPORTER_SHUTDOWN="1" MOZ_NO_REMOTE="1" "/App ... "--marionette" "-foreground" "-no-remote" "-profile" "/var/folders/vg/_kg2628d3zj1nsyrlv860nbm0000gn/T/rust_mozprofilekGAFO1"
console.warn: services.settings: Ignoring preference override of remote settings server
console.warn: services.settings: Allow by setting MOZ_REMOTE_SETTINGS_DEVTOOLS=1 in the environment
1720576018641	Marionette	INFO	Marionette enabled
1720576018881	Marionette	INFO	Listening on port 54329
1720576019000	RemoteAgent	WARN	TLS certificate errors will be ignored for this session
JavaScript warning: https://a.slack-edge.com/bv1-13-br/primer-vendor.1984ab3edcb04372f5f7.primer.min.js, line 98: unreachable code after return statement
JavaScript warning: https://a.slack-edge.com/bv1-13-br/primer-vendor.1984ab3edcb04372f5f7.primer.min.js, line 98: unreachable code after return statement
1720576048757	addons.xpi	ERROR	System addon update list error SyntaxError: XMLHttpRequest.open: 'http://%(server)s/dummy-system-addons.xml' is not a valid URL.
JavaScript warning: https://a.slack-edge.com/bv1-13-br/primer-vendor.1984ab3edcb04372f5f7.primer.min.js, line 98: unreachable code after return statement
1720576064651	Marionette	WARN	Ignoring event 'pageshow' because document has an invalid readyState of 'uninitialized'.
1720576387276	geckodriver	INFO	Listening on 127.0.0.1:54582
1720576388283	mozrunner::runner	INFO	Running command: MOZ_CRASHREPORTER="1" MOZ_CRASHREPORTER_NO_REPORT="1" MOZ_CRASHREPORTER_SHUTDOWN="1" MOZ_NO_REMOTE="1" "/App ... "--marionette" "-foreground" "-no-remote" "-profile" "/var/folders/vg/_kg2628d3zj1nsyrlv860nbm0000gn/T/rust_mozprofileVQomzJ"
console.warn: services.settings: Ignoring preference override of remote settings server
console.warn: services.settings: Allow by setting MOZ_REMOTE_SETTINGS_DEVTOOLS=1 in the environment
1720576388596	Marionette	INFO	Marionette enabled
1720576388835	Marionette	INFO	Listening on port 54589
1720576388930	RemoteAgent	WARN	TLS certificate errors will be ignored for this session
JavaScript warning: https://a.slack-edge.com/bv1-13-br/primer-vendor.1984ab3edcb04372f5f7.primer.min.js, line 98: unreachable code after return statement
JavaScript warning: https://a.slack-edge.com/bv1-13-br/primer-vendor.1984ab3edcb04372f5f7.primer.min.js, line 98: unreachable code after return statement
1720576418653	addons.xpi	ERROR	System addon update list error SyntaxError: XMLHttpRequest.open: 'http://%(server)s/dummy-system-addons.xml' is not a valid URL.
JavaScript warning: https://a.slack-edge.com/bv1-13-br/primer-vendor.1984ab3edcb04372f5f7.primer.min.js, line 98: unreachable code after return statement
1720576419520	Marionette	WARN	Ignoring event 'pageshow' because document has an invalid readyState of 'uninitialized'.
JavaScript error: resource://gre/modules/PrivateBrowsingUtils.sys.mjs, line 19: TypeError: aWindow is null
JavaScript warning: https://a.slack-edge.com/bv1-13-br/ssb-redirect-core.9ba1f8405db179049208.primer.min.js, line 324: Script terminated by timeout at:
lf</16371/O<@https://a.slack-edge.com/bv1-13-br/ssb-redirect-core.9ba1f8405db179049208.primer.min.js:324:376833

1720576462136	geckodriver	INFO	Listening on 127.0.0.1:54736
1720576463146	mozrunner::runner	INFO	Running command: MOZ_CRASHREPORTER="1" MOZ_CRASHREPORTER_NO_REPORT="1" MOZ_CRASHREPORTER_SHUTDOWN="1" MOZ_NO_REMOTE="1" "/App ... "--marionette" "-foreground" "-no-remote" "-profile" "/var/folders/vg/_kg2628d3zj1nsyrlv860nbm0000gn/T/rust_mozprofilebsJcjv"
console.warn: services.settings: Ignoring preference override of remote settings server
console.warn: services.settings: Allow by setting MOZ_REMOTE_SETTINGS_DEVTOOLS=1 in the environment
1720576463463	Marionette	INFO	Marionette enabled
1720576463698	Marionette	INFO	Listening on port 54743
1720576463793	RemoteAgent	WARN	TLS certificate errors will be ignored for this session
JavaScript warning: https://a.slack-edge.com/bv1-13-br/primer-vendor.1984ab3edcb04372f5f7.primer.min.js, line 98: unreachable code after return statement
JavaScript warning: https://a.slack-edge.com/bv1-13-br/primer-vendor.1984ab3edcb04372f5f7.primer.min.js, line 98: unreachable code after return statement
JavaScript warning: https://a.slack-edge.com/bv1-13-br/primer-vendor.1984ab3edcb04372f5f7.primer.min.js, line 98: unreachable code after return statement
1720576488876	Marionette	WARN	Ignoring event 'pageshow' because document has an invalid readyState of 'uninitialized'.
1720576493488	addons.xpi	ERROR	System addon update list error SyntaxError: XMLHttpRequest.open: 'http://%(server)s/dummy-system-addons.xml' is not a valid URL.
1720576818534	geckodriver	INFO	Listening on 127.0.0.1:54941
1720576819544	mozrunner::runner	INFO	Running command: MOZ_CRASHREPORTER="1" MOZ_CRASHREPORTER_NO_REPORT="1" MOZ_CRASHREPORTER_SHUTDOWN="1" MOZ_NO_REMOTE="1" "/App ... "--marionette" "-foreground" "-no-remote" "-profile" "/var/folders/vg/_kg2628d3zj1nsyrlv860nbm0000gn/T/rust_mozprofile6TaT7k"
console.warn: services.settings: Ignoring preference override of remote settings server
console.warn: services.settings: Allow by setting MOZ_REMOTE_SETTINGS_DEVTOOLS=1 in the environment
1720576819864	Marionette	INFO	Marionette enabled
1720576820118	Marionette	INFO	Listening on port 54948
1720576820280	RemoteAgent	WARN	TLS certificate errors will be ignored for this session
JavaScript warning: https://a.slack-edge.com/bv1-13-br/primer-vendor.1984ab3edcb04372f5f7.primer.min.js, line 98: unreachable code after return statement
JavaScript warning: https://a.slack-edge.com/bv1-13-br/primer-vendor.1984ab3edcb04372f5f7.primer.min.js, line 98: unreachable code after return statement
1720576850923	addons.xpi	ERROR	System addon update list error SyntaxError: XMLHttpRequest.open: 'http://%(server)s/dummy-system-addons.xml' is not a valid URL.
JavaScript warning: https://a.slack-edge.com/bv1-13-br/primer-vendor.1984ab3edcb04372f5f7.primer.min.js, line 98: unreachable code after return statement
1720576876763	Marionette	WARN	Ignoring event 'pageshow' because document has an invalid readyState of 'uninitialized'.
JavaScript warning: https://a.slack-edge.com/bv1-13-br/gantry-v2-vendors.10e3a2414f6387ef3e58.min.js?cacheKey=gantry-1720572456, line 188: unreachable code after return statement
console.error: "isValidHoverTarget rejected with unexpected reason:"
console.error: (new TypeError("rule is null", "resource://devtools/client/inspector/rules/utils/utils.js", 195))
console.error: "isValidHoverTarget rejected with unexpected reason:"
console.error: (new TypeError("rule is null", "resource://devtools/client/inspector/rules/utils/utils.js", 195))
1720577023220	geckodriver	INFO	Listening on 127.0.0.1:55149
1720577024229	mozrunner::runner	INFO	Running command: MOZ_CRASHREPORTER="1" MOZ_CRASHREPORTER_NO_REPORT="1" MOZ_CRASHREPORTER_SHUTDOWN="1" MOZ_NO_REMOTE="1" "/App ... "--marionette" "-foreground" "-no-remote" "-profile" "/var/folders/vg/_kg2628d3zj1nsyrlv860nbm0000gn/T/rust_mozprofiledUpajc"
console.warn: services.settings: Ignoring preference override of remote settings server
console.warn: services.settings: Allow by setting MOZ_REMOTE_SETTINGS_DEVTOOLS=1 in the environment
1720577024569	Marionette	INFO	Marionette enabled
1720577024810	Marionette	INFO	Listening on port 55156
1720577024977	RemoteAgent	WARN	TLS certificate errors will be ignored for this session
JavaScript warning: https://a.slack-edge.com/bv1-13-br/primer-vendor.1984ab3edcb04372f5f7.primer.min.js, line 98: unreachable code after return statement
JavaScript warning: https://a.slack-edge.com/bv1-13-br/primer-vendor.1984ab3edcb04372f5f7.primer.min.js, line 98: unreachable code after return statement
1720577054582	addons.xpi	ERROR	System addon update list error SyntaxError: XMLHttpRequest.open: 'http://%(server)s/dummy-system-addons.xml' is not a valid URL.
JavaScript warning: https://a.slack-edge.com/bv1-13-br/primer-vendor.1984ab3edcb04372f5f7.primer.min.js, line 98: unreachable code after return statement
1720577055838	Marionette	WARN	Ignoring event 'pageshow' because document has an invalid readyState of 'uninitialized'.
JavaScript warning: https://a.slack-edge.com/bv1-13-br/gantry-v2-vendors.10e3a2414f6387ef3e58.min.js?cacheKey=gantry-1720572456, line 188: unreachable code after return statement
1720577383796	geckodriver	INFO	Listening on 127.0.0.1:55361
1720577384805	mozrunner::runner	INFO	Running command: MOZ_CRASHREPORTER="1" MOZ_CRASHREPORTER_NO_REPORT="1" MOZ_CRASHREPORTER_SHUTDOWN="1" MOZ_NO_REMOTE="1" "/App ... "--marionette" "-foreground" "-no-remote" "-profile" "/var/folders/vg/_kg2628d3zj1nsyrlv860nbm0000gn/T/rust_mozprofileqkj3R5"
console.warn: services.settings: Ignoring preference override of remote settings server
console.warn: services.settings: Allow by setting MOZ_REMOTE_SETTINGS_DEVTOOLS=1 in the environment
1720577385126	Marionette	INFO	Marionette enabled
1720577385360	Marionette	INFO	Listening on port 55368
1720577385462	RemoteAgent	WARN	TLS certificate errors will be ignored for this session
JavaScript warning: https://a.slack-edge.com/bv1-13-br/primer-vendor.1984ab3edcb04372f5f7.primer.min.js, line 98: unreachable code after return statement
JavaScript warning: https://a.slack-edge.com/bv1-13-br/primer-vendor.1984ab3edcb04372f5f7.primer.min.js, line 98: unreachable code after return statement
JavaScript warning: https://a.slack-edge.com/bv1-13-br/primer-vendor.1984ab3edcb04372f5f7.primer.min.js, line 98: unreachable code after return statement
1720577407532	Marionette	WARN	Ignoring event 'pageshow' because document has an invalid readyState of 'uninitialized'.
JavaScript warning: https://a.slack-edge.com/bv1-13-br/gantry-v2-vendors.10e3a2414f6387ef3e58.min.js?cacheKey=gantry-1720572456, line 188: unreachable code after return statement
1720577415135	addons.xpi	ERROR	System addon update list error SyntaxError: XMLHttpRequest.open: 'http://%(server)s/dummy-system-addons.xml' is not a valid URL.
1720577629896	geckodriver	INFO	Listening on 127.0.0.1:55596
1720577630902	mozrunner::runner	INFO	Running command: MOZ_CRASHREPORTER="1" MOZ_CRASHREPORTER_NO_REPORT="1" MOZ_CRASHREPORTER_SHUTDOWN="1" MOZ_NO_REMOTE="1" "/App ... "--marionette" "-foreground" "-no-remote" "-profile" "/var/folders/vg/_kg2628d3zj1nsyrlv860nbm0000gn/T/rust_mozprofileLUywOE"
console.warn: services.settings: Ignoring preference override of remote settings server
console.warn: services.settings: Allow by setting MOZ_REMOTE_SETTINGS_DEVTOOLS=1 in the environment
1720577631227	Marionette	INFO	Marionette enabled
1720577631465	Marionette	INFO	Listening on port 55603
1720577631564	RemoteAgent	WARN	TLS certificate errors will be ignored for this session
JavaScript warning: https://a.slack-edge.com/bv1-13-br/primer-vendor.1984ab3edcb04372f5f7.primer.min.js, line 98: unreachable code after return statement
JavaScript warning: https://a.slack-edge.com/bv1-13-br/primer-vendor.1984ab3edcb04372f5f7.primer.min.js, line 98: unreachable code after return statement
JavaScript warning: https://a.slack-edge.com/bv1-13-br/primer-vendor.1984ab3edcb04372f5f7.primer.min.js, line 98: unreachable code after return statement
1720577656523	Marionette	WARN	Ignoring event 'pageshow' because document has an invalid readyState of 'uninitialized'.
JavaScript warning: https://a.slack-edge.com/bv1-13-br/gantry-v2-vendors.10e3a2414f6387ef3e58.min.js?cacheKey=gantry-1720572456, line 188: unreachable code after return statement
1720577661259	addons.xpi	ERROR	System addon update list error SyntaxError: XMLHttpRequest.open: 'http://%(server)s/dummy-system-addons.xml' is not a valid URL.
JavaScript error: resource:///modules/sessionstore/SessionStore.sys.mjs, line 3573: TypeError: this._windows[aWindow.__SSi] is undefined
JavaScript warning: https://a.slack-edge.com/bv1-13-br/gantry-v2-shared.9776aab70646b7b829f4.min.js?cacheKey=gantry-1720572456, line 111: Script terminated by timeout at:
isDisabled@https://a.slack-edge.com/bv1-13-br/gantry-v2-shared.9776aab70646b7b829f4.min.js?cacheKey=gantry-1720572456:111:41335
sendDataAndEmptyQueue@https://a.slack-edge.com/bv1-13-br/gantry-v2-shared.9776aab70646b7b829f4.min.js?cacheKey=gantry-1720572456:111:43730

1720578038622	geckodriver	INFO	Listening on 127.0.0.1:55829
1720578039630	mozrunner::runner	INFO	Running command: MOZ_CRASHREPORTER="1" MOZ_CRASHREPORTER_NO_REPORT="1" MOZ_CRASHREPORTER_SHUTDOWN="1" MOZ_NO_REMOTE="1" "/App ... "--marionette" "-foreground" "-no-remote" "-profile" "/var/folders/vg/_kg2628d3zj1nsyrlv860nbm0000gn/T/rust_mozprofileiWoAAY"
console.warn: services.settings: Ignoring preference override of remote settings server
console.warn: services.settings: Allow by setting MOZ_REMOTE_SETTINGS_DEVTOOLS=1 in the environment
1720578039946	Marionette	INFO	Marionette enabled
1720578040175	Marionette	INFO	Listening on port 55836
1720578040274	RemoteAgent	WARN	TLS certificate errors will be ignored for this session
JavaScript warning: https://a.slack-edge.com/bv1-13-br/primer-vendor.1984ab3edcb04372f5f7.primer.min.js, line 98: unreachable code after return statement
JavaScript warning: https://a.slack-edge.com/bv1-13-br/primer-vendor.1984ab3edcb04372f5f7.primer.min.js, line 98: unreachable code after return statement
JavaScript warning: https://a.slack-edge.com/bv1-13-br/primer-vendor.1984ab3edcb04372f5f7.primer.min.js, line 98: unreachable code after return statement
1720578058465	Marionette	WARN	Ignoring event 'pageshow' because document has an invalid readyState of 'uninitialized'.
JavaScript warning: https://a.slack-edge.com/bv1-13-br/gantry-v2-vendors.10e3a2414f6387ef3e58.min.js?cacheKey=gantry-1720572456, line 188: unreachable code after return statement
1720578070577	addons.xpi	ERROR	System addon update list error SyntaxError: XMLHttpRequest.open: 'http://%(server)s/dummy-system-addons.xml' is not a valid URL.
1720578730568	geckodriver	INFO	Listening on 127.0.0.1:56086
1720578731575	mozrunner::runner	INFO	Running command: MOZ_CRASHREPORTER="1" MOZ_CRASHREPORTER_NO_REPORT="1" MOZ_CRASHREPORTER_SHUTDOWN="1" MOZ_NO_REMOTE="1" "/App ... "--marionette" "-foreground" "-no-remote" "-profile" "/var/folders/vg/_kg2628d3zj1nsyrlv860nbm0000gn/T/rust_mozprofileEUvTEh"
console.warn: services.settings: Ignoring preference override of remote settings server
console.warn: services.settings: Allow by setting MOZ_REMOTE_SETTINGS_DEVTOOLS=1 in the environment
1720578731895	Marionette	INFO	Marionette enabled
1720578732110	Marionette	INFO	Listening on port 56093
1720578732209	RemoteAgent	WARN	TLS certificate errors will be ignored for this session
JavaScript warning: https://a.slack-edge.com/bv1-13-br/primer-vendor.1984ab3edcb04372f5f7.primer.min.js, line 98: unreachable code after return statement
JavaScript warning: https://a.slack-edge.com/bv1-13-br/primer-vendor.1984ab3edcb04372f5f7.primer.min.js, line 98: unreachable code after return statement
JavaScript warning: https://a.slack-edge.com/bv1-13-br/primer-vendor.1984ab3edcb04372f5f7.primer.min.js, line 98: unreachable code after return statement
1720578761168	Marionette	WARN	Ignoring event 'pageshow' because document has an invalid readyState of 'uninitialized'.
1720578761915	addons.xpi	ERROR	System addon update list error SyntaxError: XMLHttpRequest.open: 'http://%(server)s/dummy-system-addons.xml' is not a valid URL.
JavaScript warning: https://a.slack-edge.com/bv1-13-br/gantry-v2-vendors.10e3a2414f6387ef3e58.min.js?cacheKey=gantry-1720572456, line 188: unreachable code after return statement
1720578907908	geckodriver	INFO	Listening on 127.0.0.1:56331
1720578908917	mozrunner::runner	INFO	Running command: MOZ_CRASHREPORTER="1" MOZ_CRASHREPORTER_NO_REPORT="1" MOZ_CRASHREPORTER_SHUTDOWN="1" MOZ_NO_REMOTE="1" "/App ... " "--headless" "-foreground" "-no-remote" "-profile" "/var/folders/vg/_kg2628d3zj1nsyrlv860nbm0000gn/T/rust_mozprofilexzaYkd"
*** You are running in headless mode.
console.warn: services.settings: Ignoring preference override of remote settings server
console.warn: services.settings: Allow by setting MOZ_REMOTE_SETTINGS_DEVTOOLS=1 in the environment
1720578909220	Marionette	INFO	Marionette enabled
1720578909415	Marionette	INFO	Listening on port 56338
1720578909630	RemoteAgent	WARN	TLS certificate errors will be ignored for this session
[GFX1-]: RenderCompositorSWGL failed mapping default framebuffer, no dt
JavaScript warning: https://a.slack-edge.com/bv1-13-br/primer-vendor.1984ab3edcb04372f5f7.primer.min.js, line 98: unreachable code after return statement
JavaScript warning: https://a.slack-edge.com/bv1-13-br/primer-vendor.1984ab3edcb04372f5f7.primer.min.js, line 98: unreachable code after return statement
JavaScript warning: https://a.slack-edge.com/bv1-13-br/primer-vendor.1984ab3edcb04372f5f7.primer.min.js, line 98: unreachable code after return statement
1720578928957	Marionette	WARN	Ignoring event 'pageshow' because document has an invalid readyState of 'uninitialized'.
JavaScript warning: https://a.slack-edge.com/bv1-13-br/gantry-v2-vendors.10e3a2414f6387ef3e58.min.js?cacheKey=gantry-1720572456, line 188: unreachable code after return statement
1720578949936	geckodriver	INFO	Listening on 127.0.0.1:56495
1720578950946	mozrunner::runner	INFO	Running command: MOZ_CRASHREPORTER="1" MOZ_CRASHREPORTER_NO_REPORT="1" MOZ_CRASHREPORTER_SHUTDOWN="1" MOZ_NO_REMOTE="1" "/App ... " "--headless" "-foreground" "-no-remote" "-profile" "/var/folders/vg/_kg2628d3zj1nsyrlv860nbm0000gn/T/rust_mozprofileY2cP0T"
*** You are running in headless mode.
console.warn: services.settings: Ignoring preference override of remote settings server
console.warn: services.settings: Allow by setting MOZ_REMOTE_SETTINGS_DEVTOOLS=1 in the environment
1720578951258	Marionette	INFO	Marionette enabled
1720578951473	Marionette	INFO	Listening on port 56502
1720578951575	RemoteAgent	WARN	TLS certificate errors will be ignored for this session
[GFX1-]: RenderCompositorSWGL failed mapping default framebuffer, no dt
JavaScript warning: https://a.slack-edge.com/bv1-13-br/primer-vendor.1984ab3edcb04372f5f7.primer.min.js, line 98: unreachable code after return statement
JavaScript warning: https://a.slack-edge.com/bv1-13-br/primer-vendor.1984ab3edcb04372f5f7.primer.min.js, line 98: unreachable code after return statement
JavaScript warning: https://a.slack-edge.com/bv1-13-br/primer-vendor.1984ab3edcb04372f5f7.primer.min.js, line 98: unreachable code after return statement
1720578971707	Marionette	WARN	Ignoring event 'pageshow' because document has an invalid readyState of 'uninitialized'.
JavaScript warning: https://a.slack-edge.com/bv1-13-br/gantry-v2-vendors.10e3a2414f6387ef3e58.min.js?cacheKey=gantry-1720572456, line 188: unreachable code after return statement
1720578981283	addons.xpi	ERROR	System addon update list error SyntaxError: XMLHttpRequest.open: 'http://%(server)s/dummy-system-addons.xml' is not a valid URL.
1720579535107	geckodriver	INFO	Listening on 127.0.0.1:56885
1720579536111	mozrunner::runner	INFO	Running command: MOZ_CRASHREPORTER="1" MOZ_CRASHREPORTER_NO_REPORT="1" MOZ_CRASHREPORTER_SHUTDOWN="1" MOZ_NO_REMOTE="1" "/App ... " "--headless" "-foreground" "-no-remote" "-profile" "/var/folders/vg/_kg2628d3zj1nsyrlv860nbm0000gn/T/rust_mozprofilea7bdiP"
*** You are running in headless mode.
console.warn: services.settings: Ignoring preference override of remote settings server
console.warn: services.settings: Allow by setting MOZ_REMOTE_SETTINGS_DEVTOOLS=1 in the environment
1720579536434	Marionette	INFO	Marionette enabled
1720579536649	Marionette	INFO	Listening on port 56892
1720579536746	RemoteAgent	WARN	TLS certificate errors will be ignored for this session
[GFX1-]: RenderCompositorSWGL failed mapping default framebuffer, no dt
JavaScript warning: https://a.slack-edge.com/bv1-13-br/primer-vendor.1984ab3edcb04372f5f7.primer.min.js, line 98: unreachable code after return statement
JavaScript warning: https://a.slack-edge.com/bv1-13-br/primer-vendor.1984ab3edcb04372f5f7.primer.min.js, line 98: unreachable code after return statement
1720579566944	addons.xpi	ERROR	System addon update list error SyntaxError: XMLHttpRequest.open: 'http://%(server)s/dummy-system-addons.xml' is not a valid URL.
JavaScript warning: https://a.slack-edge.com/bv1-13-br/primer-vendor.1984ab3edcb04372f5f7.primer.min.js, line 98: unreachable code after return statement
1720579571196	Marionette	WARN	Ignoring event 'pageshow' because document has an invalid readyState of 'uninitialized'.
JavaScript warning: https://a.slack-edge.com/bv1-13-br/gantry-v2-vendors.10e3a2414f6387ef3e58.min.js?cacheKey=gantry-1720572456, line 188: unreachable code after return statement
1720579745502	geckodriver	INFO	Listening on 127.0.0.1:57097
1720579746511	mozrunner::runner	INFO	Running command: MOZ_CRASHREPORTER="1" MOZ_CRASHREPORTER_NO_REPORT="1" MOZ_CRASHREPORTER_SHUTDOWN="1" MOZ_NO_REMOTE="1" "/App ... "--marionette" "-foreground" "-no-remote" "-profile" "/var/folders/vg/_kg2628d3zj1nsyrlv860nbm0000gn/T/rust_mozprofile7OmtA2"
console.warn: services.settings: Ignoring preference override of remote settings server
console.warn: services.settings: Allow by setting MOZ_REMOTE_SETTINGS_DEVTOOLS=1 in the environment
1720579746823	Marionette	INFO	Marionette enabled
1720579747059	Marionette	INFO	Listening on port 57104
1720579747155	RemoteAgent	WARN	TLS certificate errors will be ignored for this session
JavaScript warning: https://a.slack-edge.com/bv1-13-br/primer-vendor.1984ab3edcb04372f5f7.primer.min.js, line 98: unreachable code after return statement
JavaScript warning: https://a.slack-edge.com/bv1-13-br/primer-vendor.1984ab3edcb04372f5f7.primer.min.js, line 98: unreachable code after return statement
JavaScript warning: https://a.slack-edge.com/bv1-13-br/primer-vendor.1984ab3edcb04372f5f7.primer.min.js, line 98: unreachable code after return statement
1720579770548	Marionette	WARN	Ignoring event 'pageshow' because document has an invalid readyState of 'uninitialized'.
JavaScript warning: https://a.slack-edge.com/bv1-13-br/gantry-v2-vendors.10e3a2414f6387ef3e58.min.js?cacheKey=gantry-1720572456, line 188: unreachable code after return statement
1720579777024	addons.xpi	ERROR	System addon update list error SyntaxError: XMLHttpRequest.open: 'http://%(server)s/dummy-system-addons.xml' is not a valid URL.
JavaScript error: resource://gre/modules/PrivateBrowsingUtils.sys.mjs, line 19: TypeError: aWindow is null
JavaScript warning: https://a.slack-edge.com/bv1-13-br/gantry-v2-shared.9776aab70646b7b829f4.min.js?cacheKey=gantry-1720572456, line 111: Script terminated by timeout at:
isDisabled@https://a.slack-edge.com/bv1-13-br/gantry-v2-shared.9776aab70646b7b829f4.min.js?cacheKey=gantry-1720572456:111:41335
sendDataAndEmptyQueue@https://a.slack-edge.com/bv1-13-br/gantry-v2-shared.9776aab70646b7b829f4.min.js?cacheKey=gantry-1720572456:111:43730

1720579976635	geckodriver	INFO	Listening on 127.0.0.1:57272
1720579977643	mozrunner::runner	INFO	Running command: MOZ_CRASHREPORTER="1" MOZ_CRASHREPORTER_NO_REPORT="1" MOZ_CRASHREPORTER_SHUTDOWN="1" MOZ_NO_REMOTE="1" "/App ... "--marionette" "-foreground" "-no-remote" "-profile" "/var/folders/vg/_kg2628d3zj1nsyrlv860nbm0000gn/T/rust_mozprofile869ReY"
console.warn: services.settings: Ignoring preference override of remote settings server
console.warn: services.settings: Allow by setting MOZ_REMOTE_SETTINGS_DEVTOOLS=1 in the environment
1720579977956	Marionette	INFO	Marionette enabled
1720579978188	Marionette	INFO	Listening on port 57279
1720579978285	RemoteAgent	WARN	TLS certificate errors will be ignored for this session
JavaScript warning: https://a.slack-edge.com/bv1-13-br/primer-vendor.1984ab3edcb04372f5f7.primer.min.js, line 98: unreachable code after return statement
JavaScript warning: https://a.slack-edge.com/bv1-13-br/primer-vendor.1984ab3edcb04372f5f7.primer.min.js, line 98: unreachable code after return statement
JavaScript warning: https://a.slack-edge.com/bv1-13-br/primer-vendor.1984ab3edcb04372f5f7.primer.min.js, line 98: unreachable code after return statement
1720579997367	Marionette	WARN	Ignoring event 'pageshow' because document has an invalid readyState of 'uninitialized'.
JavaScript warning: https://a.slack-edge.com/bv1-13-br/gantry-v2-vendors.10e3a2414f6387ef3e58.min.js?cacheKey=gantry-1720572456, line 188: unreachable code after return statement
1720580008790	addons.xpi	ERROR	System addon update list error SyntaxError: XMLHttpRequest.open: 'http://%(server)s/dummy-system-addons.xml' is not a valid URL.
1720580050498	geckodriver	INFO	Listening on 127.0.0.1:57468
1720580051508	mozrunner::runner	INFO	Running command: MOZ_CRASHREPORTER="1" MOZ_CRASHREPORTER_NO_REPORT="1" MOZ_CRASHREPORTER_SHUTDOWN="1" MOZ_NO_REMOTE="1" "/App ... "--marionette" "-foreground" "-no-remote" "-profile" "/var/folders/vg/_kg2628d3zj1nsyrlv860nbm0000gn/T/rust_mozprofileAG5zYo"
console.warn: services.settings: Ignoring preference override of remote settings server
console.warn: services.settings: Allow by setting MOZ_REMOTE_SETTINGS_DEVTOOLS=1 in the environment
1720580051815	Marionette	INFO	Marionette enabled
1720580052057	Marionette	INFO	Listening on port 57475
1720580052161	RemoteAgent	WARN	TLS certificate errors will be ignored for this session
1720580082436	addons.xpi	ERROR	System addon update list error SyntaxError: XMLHttpRequest.open: 'http://%(server)s/dummy-system-addons.xml' is not a valid URL.
JavaScript warning: https://a.slack-edge.com/bv1-13-br/primer-vendor.1984ab3edcb04372f5f7.primer.min.js, line 98: unreachable code after return statement
JavaScript warning: https://a.slack-edge.com/bv1-13-br/primer-vendor.1984ab3edcb04372f5f7.primer.min.js, line 98: unreachable code after return statement
JavaScript warning: https://a.slack-edge.com/bv1-13-br/primer-vendor.1984ab3edcb04372f5f7.primer.min.js, line 98: unreachable code after return statement
1720580108026	Marionette	WARN	Ignoring event 'pageshow' because document has an invalid readyState of 'uninitialized'.
JavaScript warning: https://a.slack-edge.com/bv1-13-br/gantry-v2-vendors.10e3a2414f6387ef3e58.min.js?cacheKey=gantry-1720572456, line 188: unreachable code after return statement
console.error: "Error while calling actor 'pagestyle's method 'getLayout'" "node is null"
console.error: (new TypeError("parent is null", "resource://devtools/client/inspector/shared/style-change-tracker.js", 67))
TypeError: parent is null: canMutationImpactCurrentStyles@resource://devtools/client/inspector/shared/style-change-tracker.js:67:24
onMutations@resource://devtools/client/inspector/shared/style-change-tracker.js:84:41
_emit@resource://devtools/shared/event-emitter.js:242:32
emit@resource://devtools/shared/event-emitter.js:186:18
emit@resource://devtools/shared/event-emitter.js:330:18
getMutations@resource://devtools/client/fronts/walker.js:321:10

console.error: (new TypeError("node is null", "resource://devtools/server/actors/page-style.js", 930))
console.error: (new TypeError("container.node.targetFront is null", "resource://devtools/client/inspector/markup/markup.js", 2415))
console.error: (new TypeError("container.node.targetFront is null", "resource://devtools/client/inspector/markup/markup.js", 2415))
console.error: (new TypeError("container.node.targetFront is null", "resource://devtools/client/inspector/markup/markup.js", 2415))
console.error: (new Error("Protocol error (TypeError): node is null from: server0.conn0.process3//pagestyle225 (resource://devtools/server/actors/page-style.js:930:29)", "resource://devtools/shared/protocol/Front.js", 382))
console.warn: "Listener for event 'frame' did not return a promise."
console.warn: "Error while destroying front:" "inspector" (new Error("Connection closed, pending request to server0.conn0.process3//inspectorActor2072, type getWalker failed\n\nRequest stack:\nrequest@resource://devtools/shared/protocol/Front.js:299:14\ngenerateRequestMethods/</frontProto[name]@resource://devtools/shared/protocol/Front/FrontClassWithSpec.js:47:19\n_getWalker@resource://devtools/client/fronts/inspector.js:84:30\ninitialize@resource://devtools/client/fronts/inspector.js:73:12\n", "resource://devtools/shared/protocol/Front.js", 105))
console.error: "Failed to start [root-node] legacy listener for target null" (new Error("Connection closed, pending request to server0.conn0.process3//inspectorActor2072, type getWalker failed\n\nRequest stack:\nrequest@resource://devtools/shared/protocol/Front.js:299:14\ngenerateRequestMethods/</frontProto[name]@resource://devtools/shared/protocol/Front/FrontClassWithSpec.js:47:19\n_getWalker@resource://devtools/client/fronts/inspector.js:84:30\ninitialize@resource://devtools/client/fronts/inspector.js:73:12\n", "resource://devtools/shared/protocol/Front.js", 105))
JavaScript error: resource://devtools/shared/protocol/Front.js, line 105: Error: Connection closed, pending request to server0.conn0.process3//inspectorActor2072, type getWalker failed

Request stack:
request@resource://devtools/shared/protocol/Front.js:299:14
generateRequestMethods/</frontProto[name]@resource://devtools/shared/protocol/Front/FrontClassWithSpec.js:47:19
_getWalker@resource://devtools/client/fronts/inspector.js:84:30
initialize@resource://devtools/client/fronts/inspector.js:73:12

console.warn: "Listener for event 'frame' did not return a promise."
console.warn: "Error while destroying front:" "inspector" (new Error("Connection closed, pending request to server0.conn0.process3//inspectorActor2091, type getWalker failed\n\nRequest stack:\nrequest@resource://devtools/shared/protocol/Front.js:299:14\ngenerateRequestMethods/</frontProto[name]@resource://devtools/shared/protocol/Front/FrontClassWithSpec.js:47:19\n_getWalker@resource://devtools/client/fronts/inspector.js:84:30\ninitialize@resource://devtools/client/fronts/inspector.js:73:12\n", "resource://devtools/shared/protocol/Front.js", 105))
console.error: "Failed to start [root-node] legacy listener for target null" (new Error("Connection closed, pending request to server0.conn0.process3//inspectorActor2091, type getWalker failed\n\nRequest stack:\nrequest@resource://devtools/shared/protocol/Front.js:299:14\ngenerateRequestMethods/</frontProto[name]@resource://devtools/shared/protocol/Front/FrontClassWithSpec.js:47:19\n_getWalker@resource://devtools/client/fronts/inspector.js:84:30\ninitialize@resource://devtools/client/fronts/inspector.js:73:12\n", "resource://devtools/shared/protocol/Front.js", 105))
JavaScript error: resource://devtools/shared/protocol/Front.js, line 105: Error: Connection closed, pending request to server0.conn0.process3//inspectorActor2091, type getWalker failed

Request stack:
request@resource://devtools/shared/protocol/Front.js:299:14
generateRequestMethods/</frontProto[name]@resource://devtools/shared/protocol/Front/FrontClassWithSpec.js:47:19
_getWalker@resource://devtools/client/fronts/inspector.js:84:30
initialize@resource://devtools/client/fronts/inspector.js:73:12

1720580561467	geckodriver	INFO	Listening on 127.0.0.1:57708
1720580562483	mozrunner::runner	INFO	Running command: MOZ_CRASHREPORTER="1" MOZ_CRASHREPORTER_NO_REPORT="1" MOZ_CRASHREPORTER_SHUTDOWN="1" MOZ_NO_REMOTE="1" "/App ... "--marionette" "-foreground" "-no-remote" "-profile" "/var/folders/vg/_kg2628d3zj1nsyrlv860nbm0000gn/T/rust_mozprofileXx7eAo"
console.warn: services.settings: Ignoring preference override of remote settings server
console.warn: services.settings: Allow by setting MOZ_REMOTE_SETTINGS_DEVTOOLS=1 in the environment
1720580562805	Marionette	INFO	Marionette enabled
1720580563042	Marionette	INFO	Listening on port 57716
1720580563216	RemoteAgent	WARN	TLS certificate errors will be ignored for this session
1720580574977	Marionette	WARN	Ignoring event 'DOMContentLoaded' because document has an invalid readyState of 'complete'.
JavaScript warning: https://www.youtube.com/s/desktop/eed58959/jsbin/desktop_polymer.vflset/desktop_polymer.js, line 2692: Script terminated by timeout at:
vq.prototype.transition@https://www.youtube.com/s/desktop/eed58959/jsbin/desktop_polymer.vflset/desktop_polymer.js:2692:33
FO/<@https://www.youtube.com/s/desktop/eed58959/jsbin/desktop_polymer.vflset/desktop_polymer.js:11616:114

1720580592998	addons.xpi	ERROR	System addon update list error SyntaxError: XMLHttpRequest.open: 'http://%(server)s/dummy-system-addons.xml' is not a valid URL.
JavaScript warning: https://a.slack-edge.com/bv1-13-br/primer-vendor.1984ab3edcb04372f5f7.primer.min.js, line 98: unreachable code after return statement
JavaScript warning: https://a.slack-edge.com/bv1-13-br/primer-vendor.1984ab3edcb04372f5f7.primer.min.js, line 98: unreachable code after return statement
JavaScript warning: https://a.slack-edge.com/bv1-13-br/primer-vendor.1984ab3edcb04372f5f7.primer.min.js, line 98: unreachable code after return statement
1720580646463	Marionette	WARN	Ignoring event 'pageshow' because document has an invalid readyState of 'uninitialized'.
JavaScript warning: https://a.slack-edge.com/bv1-13-br/gantry-v2-vendors.10e3a2414f6387ef3e58.min.js?cacheKey=gantry-1720572456, line 188: unreachable code after return statement
